<?xml version="1.0" encoding="utf-8"?><testsuites name="pytest tests"><testsuite name="pytest" errors="0" failures="0" skipped="0" tests="8" time="4.726" timestamp="2026-08-01T19:37:51.270547+00:00" hostname="agent-env-41b1c17e-2ed5-459f-986e-105a85cecc14"><testcase classname="tests.backend_test" name="test_root" time="0.244" /><testcase classname="tests.backend_test" name="test_health_lists_16_images" time="0.137" /><testcase classname="tests.backend_test" name="test_manifest" time="0.152" /><testcase classname="tests.backend_test" name="test_new_ambiance_images_served" time="0.366" /><testcase classname="tests.backend_test" name="test_hero_image_served" time="0.156" /><testcase classname="tests.backend_test" name="test_path_traversal_blocked" time="0.101" /><testcase classname="tests.backend_test" name="test_nonexistent_image_404" time="0.097" /><testcase classname="tests.backend_test" name="test_all_16_images_load" time="2.913" /></testsuite></testsuites>