<?xml version="1.0" encoding="utf-8"?><testsuites name="pytest tests"><testsuite name="pytest" errors="0" failures="0" skipped="0" tests="7" time="3.915" timestamp="2026-08-01T19:01:50.385598+00:00" hostname="agent-env-41b1c17e-2ed5-459f-986e-105a85cecc14"><testcase classname="tests.backend_test" name="test_root" time="0.237" /><testcase classname="tests.backend_test" name="test_health_lists_16_images" time="0.102" /><testcase classname="tests.backend_test" name="test_manifest" time="0.106" /><testcase classname="tests.backend_test" name="test_hero_image_served" time="0.156" /><testcase classname="tests.backend_test" name="test_path_traversal_blocked" time="0.096" /><testcase classname="tests.backend_test" name="test_nonexistent_image_404" time="0.101" /><testcase classname="tests.backend_test" name="test_all_16_images_load" time="2.604" /></testsuite></testsuites>